  MyForm.cpp
D:\Python and c++\source\repos\3 курс\базы данных\Курсовая\Kursovaya WinForms\MyForm.h(1337,13): warning C4244: инициализация: преобразование "double" в "float", возможна потеря данных
D:\Python and c++\source\repos\3 курс\базы данных\Курсовая\Kursovaya WinForms\MyForm.h(1340,13): warning C4244: инициализация: преобразование "double" в "float", возможна потеря данных
D:\Python and c++\source\repos\3 курс\базы данных\Курсовая\Kursovaya WinForms\MyForm.h(1341,13): warning C4244: инициализация: преобразование "double" в "float", возможна потеря данных
D:\Python and c++\source\repos\3 курс\базы данных\Курсовая\Kursovaya WinForms\MyForm.h(1405,11): warning C4244: инициализация: преобразование "float" в "int", возможна потеря данных
D:\Python and c++\source\repos\3 курс\базы данных\Курсовая\Kursovaya WinForms\MyForm.h(1410,34): warning C4244: аргумент: преобразование "int" в "float", возможна потеря данных
D:\Python and c++\source\repos\3 курс\базы данных\Курсовая\Kursovaya WinForms\MyForm.h(1473,4): warning C4305: инициализация: усечение из "double" в "float"
D:\Python and c++\source\repos\3 курс\базы данных\Курсовая\Kursovaya WinForms\MyForm.h(1473,10): warning C4305: инициализация: усечение из "double" в "float"
D:\Python and c++\source\repos\3 курс\базы данных\Курсовая\Kursovaya WinForms\MyForm.h(1473,16): warning C4305: инициализация: усечение из "double" в "float"
D:\Python and c++\source\repos\3 курс\базы данных\Курсовая\Kursovaya WinForms\MyForm.h(1473,22): warning C4305: инициализация: усечение из "double" в "float"
D:\Python and c++\source\repos\3 курс\базы данных\Курсовая\Kursovaya WinForms\MyForm.h(1473,28): warning C4305: инициализация: усечение из "double" в "float"
D:\Python and c++\source\repos\3 курс\базы данных\Курсовая\Kursovaya WinForms\MyForm.h(1473,34): warning C4305: инициализация: усечение из "double" в "float"
D:\Python and c++\source\repos\3 курс\базы данных\Курсовая\Kursovaya WinForms\MyForm.h(1473,40): warning C4305: инициализация: усечение из "double" в "float"
D:\Python and c++\source\repos\3 курс\базы данных\Курсовая\Kursovaya WinForms\MyForm.h(1473,46): warning C4305: инициализация: усечение из "double" в "float"
D:\Python and c++\source\repos\3 курс\базы данных\Курсовая\Kursovaya WinForms\MyForm.h(1473,52): warning C4305: инициализация: усечение из "double" в "float"
D:\Python and c++\source\repos\3 курс\базы данных\Курсовая\Kursovaya WinForms\MyForm.h(1473,58): warning C4305: инициализация: усечение из "double" в "float"
D:\Python and c++\source\repos\3 курс\базы данных\Курсовая\Kursovaya WinForms\MyForm.h(1474,4): warning C4305: инициализация: усечение из "double" в "float"
D:\Python and c++\source\repos\3 курс\базы данных\Курсовая\Kursovaya WinForms\MyForm.h(1474,10): warning C4305: инициализация: усечение из "double" в "float"
D:\Python and c++\source\repos\3 курс\базы данных\Курсовая\Kursovaya WinForms\MyForm.h(1474,16): warning C4305: инициализация: усечение из "double" в "float"
D:\Python and c++\source\repos\3 курс\базы данных\Курсовая\Kursovaya WinForms\MyForm.h(1474,22): warning C4305: инициализация: усечение из "double" в "float"
D:\Python and c++\source\repos\3 курс\базы данных\Курсовая\Kursovaya WinForms\MyForm.h(1474,28): warning C4305: инициализация: усечение из "double" в "float"
D:\Python and c++\source\repos\3 курс\базы данных\Курсовая\Kursovaya WinForms\MyForm.h(1474,34): warning C4305: инициализация: усечение из "double" в "float"
D:\Python and c++\source\repos\3 курс\базы данных\Курсовая\Kursovaya WinForms\MyForm.h(1474,40): warning C4305: инициализация: усечение из "double" в "float"
D:\Python and c++\source\repos\3 курс\базы данных\Курсовая\Kursovaya WinForms\MyForm.h(1474,46): warning C4305: инициализация: усечение из "double" в "float"
D:\Python and c++\source\repos\3 курс\базы данных\Курсовая\Kursovaya WinForms\MyForm.h(1474,52): warning C4305: инициализация: усечение из "double" в "float"
D:\Python and c++\source\repos\3 курс\базы данных\Курсовая\Kursovaya WinForms\MyForm.h(1474,58): warning C4305: инициализация: усечение из "double" в "float"
D:\Python and c++\source\repos\3 курс\базы данных\Курсовая\Kursovaya WinForms\MyForm.h(1475,4): warning C4305: инициализация: усечение из "double" в "float"
D:\Python and c++\source\repos\3 курс\базы данных\Курсовая\Kursovaya WinForms\MyForm.h(1475,16): warning C4305: инициализация: усечение из "double" в "float"
D:\Python and c++\source\repos\3 курс\базы данных\Курсовая\Kursovaya WinForms\MyForm.h(1475,22): warning C4305: инициализация: усечение из "double" в "float"
D:\Python and c++\source\repos\3 курс\базы данных\Курсовая\Kursovaya WinForms\MyForm.h(1475,28): warning C4305: инициализация: усечение из "double" в "float"
D:\Python and c++\source\repos\3 курс\базы данных\Курсовая\Kursovaya WinForms\MyForm.h(1475,34): warning C4305: инициализация: усечение из "double" в "float"
D:\Python and c++\source\repos\3 курс\базы данных\Курсовая\Kursovaya WinForms\MyForm.h(1475,40): warning C4305: инициализация: усечение из "double" в "float"
D:\Python and c++\source\repos\3 курс\базы данных\Курсовая\Kursovaya WinForms\MyForm.h(1475,46): warning C4305: инициализация: усечение из "double" в "float"
D:\Python and c++\source\repos\3 курс\базы данных\Курсовая\Kursovaya WinForms\MyForm.h(1475,52): warning C4305: инициализация: усечение из "double" в "float"
D:\Python and c++\source\repos\3 курс\базы данных\Курсовая\Kursovaya WinForms\MyForm.h(1475,64): warning C4305: инициализация: усечение из "double" в "float"
D:\Python and c++\source\repos\3 курс\базы данных\Курсовая\Kursovaya WinForms\MyForm.h(1476,4): warning C4305: инициализация: усечение из "double" в "float"
D:\Python and c++\source\repos\3 курс\базы данных\Курсовая\Kursovaya WinForms\MyForm.h(1476,10): warning C4305: инициализация: усечение из "double" в "float"
D:\Python and c++\source\repos\3 курс\базы данных\Курсовая\Kursovaya WinForms\MyForm.h(1476,16): warning C4305: инициализация: усечение из "double" в "float"
D:\Python and c++\source\repos\3 курс\базы данных\Курсовая\Kursovaya WinForms\MyForm.h(1476,22): warning C4305: инициализация: усечение из "double" в "float"
D:\Python and c++\source\repos\3 курс\базы данных\Курсовая\Kursovaya WinForms\MyForm.h(1476,28): warning C4305: инициализация: усечение из "double" в "float"
D:\Python and c++\source\repos\3 курс\базы данных\Курсовая\Kursovaya WinForms\MyForm.h(1476,34): warning C4305: инициализация: усечение из "double" в "float"
D:\Python and c++\source\repos\3 курс\базы данных\Курсовая\Kursovaya WinForms\MyForm.h(1476,40): warning C4305: инициализация: усечение из "double" в "float"
D:\Python and c++\source\repos\3 курс\базы данных\Курсовая\Kursovaya WinForms\MyForm.h(1476,46): warning C4305: инициализация: усечение из "double" в "float"
D:\Python and c++\source\repos\3 курс\базы данных\Курсовая\Kursovaya WinForms\MyForm.h(1476,52): warning C4305: инициализация: усечение из "double" в "float"
D:\Python and c++\source\repos\3 курс\базы данных\Курсовая\Kursovaya WinForms\MyForm.h(1476,58): warning C4305: инициализация: усечение из "double" в "float"
D:\Python and c++\source\repos\3 курс\базы данных\Курсовая\Kursovaya WinForms\MyForm.h(1476,64): warning C4305: инициализация: усечение из "double" в "float"
D:\Python and c++\source\repos\3 курс\базы данных\Курсовая\Kursovaya WinForms\MyForm.h(1477,4): warning C4305: инициализация: усечение из "double" в "float"
D:\Python and c++\source\repos\3 курс\базы данных\Курсовая\Kursovaya WinForms\MyForm.h(1477,10): warning C4305: инициализация: усечение из "double" в "float"
D:\Python and c++\source\repos\3 курс\базы данных\Курсовая\Kursovaya WinForms\MyForm.h(1477,16): warning C4305: инициализация: усечение из "double" в "float"
D:\Python and c++\source\repos\3 курс\базы данных\Курсовая\Kursovaya WinForms\MyForm.h(1477,22): warning C4305: инициализация: усечение из "double" в "float"
D:\Python and c++\source\repos\3 курс\базы данных\Курсовая\Kursovaya WinForms\MyForm.h(1477,28): warning C4305: инициализация: усечение из "double" в "float"
D:\Python and c++\source\repos\3 курс\базы данных\Курсовая\Kursovaya WinForms\MyForm.h(1477,34): warning C4305: инициализация: усечение из "double" в "float"
D:\Python and c++\source\repos\3 курс\базы данных\Курсовая\Kursovaya WinForms\MyForm.h(1477,40): warning C4305: инициализация: усечение из "double" в "float"
D:\Python and c++\source\repos\3 курс\базы данных\Курсовая\Kursovaya WinForms\MyForm.h(1477,46): warning C4305: инициализация: усечение из "double" в "float"
D:\Python and c++\source\repos\3 курс\базы данных\Курсовая\Kursovaya WinForms\MyForm.h(1477,52): warning C4305: инициализация: усечение из "double" в "float"
D:\Python and c++\source\repos\3 курс\базы данных\Курсовая\Kursovaya WinForms\MyForm.h(1477,58): warning C4305: инициализация: усечение из "double" в "float"
D:\Python and c++\source\repos\3 курс\базы данных\Курсовая\Kursovaya WinForms\MyForm.h(1477,64): warning C4305: инициализация: усечение из "double" в "float"
D:\Python and c++\source\repos\3 курс\базы данных\Курсовая\Kursovaya WinForms\MyForm.h(1478,4): warning C4305: инициализация: усечение из "double" в "float"
D:\Python and c++\source\repos\3 курс\базы данных\Курсовая\Kursovaya WinForms\MyForm.h(1478,10): warning C4305: инициализация: усечение из "double" в "float"
D:\Python and c++\source\repos\3 курс\базы данных\Курсовая\Kursovaya WinForms\MyForm.h(1478,16): warning C4305: инициализация: усечение из "double" в "float"
D:\Python and c++\source\repos\3 курс\базы данных\Курсовая\Kursovaya WinForms\MyForm.h(1478,22): warning C4305: инициализация: усечение из "double" в "float"
D:\Python and c++\source\repos\3 курс\базы данных\Курсовая\Kursovaya WinForms\MyForm.h(1478,28): warning C4305: инициализация: усечение из "double" в "float"
D:\Python and c++\source\repos\3 курс\базы данных\Курсовая\Kursovaya WinForms\MyForm.h(1478,34): warning C4305: инициализация: усечение из "double" в "float"
D:\Python and c++\source\repos\3 курс\базы данных\Курсовая\Kursovaya WinForms\MyForm.h(1478,40): warning C4305: инициализация: усечение из "double" в "float"
D:\Python and c++\source\repos\3 курс\базы данных\Курсовая\Kursovaya WinForms\MyForm.h(1478,46): warning C4305: инициализация: усечение из "double" в "float"
D:\Python and c++\source\repos\3 курс\базы данных\Курсовая\Kursovaya WinForms\MyForm.h(1478,52): warning C4305: инициализация: усечение из "double" в "float"
D:\Python and c++\source\repos\3 курс\базы данных\Курсовая\Kursovaya WinForms\MyForm.h(1478,58): warning C4305: инициализация: усечение из "double" в "float"
D:\Python and c++\source\repos\3 курс\базы данных\Курсовая\Kursovaya WinForms\MyForm.h(1478,64): warning C4305: инициализация: усечение из "double" в "float"
D:\Python and c++\source\repos\3 курс\базы данных\Курсовая\Kursovaya WinForms\MyForm.h(1479,4): warning C4305: инициализация: усечение из "double" в "float"
D:\Python and c++\source\repos\3 курс\базы данных\Курсовая\Kursovaya WinForms\MyForm.h(1479,10): warning C4305: инициализация: усечение из "double" в "float"
D:\Python and c++\source\repos\3 курс\базы данных\Курсовая\Kursovaya WinForms\MyForm.h(1479,16): warning C4305: инициализация: усечение из "double" в "float"
D:\Python and c++\source\repos\3 курс\базы данных\Курсовая\Kursovaya WinForms\MyForm.h(1479,22): warning C4305: инициализация: усечение из "double" в "float"
D:\Python and c++\source\repos\3 курс\базы данных\Курсовая\Kursovaya WinForms\MyForm.h(1479,28): warning C4305: инициализация: усечение из "double" в "float"
D:\Python and c++\source\repos\3 курс\базы данных\Курсовая\Kursovaya WinForms\MyForm.h(1479,34): warning C4305: инициализация: усечение из "double" в "float"
D:\Python and c++\source\repos\3 курс\базы данных\Курсовая\Kursovaya WinForms\MyForm.h(1479,46): warning C4305: инициализация: усечение из "double" в "float"
D:\Python and c++\source\repos\3 курс\базы данных\Курсовая\Kursovaya WinForms\MyForm.h(1479,52): warning C4305: инициализация: усечение из "double" в "float"
D:\Python and c++\source\repos\3 курс\базы данных\Курсовая\Kursovaya WinForms\MyForm.h(1479,58): warning C4305: инициализация: усечение из "double" в "float"
D:\Python and c++\source\repos\3 курс\базы данных\Курсовая\Kursovaya WinForms\MyForm.h(1479,64): warning C4305: инициализация: усечение из "double" в "float"
D:\Python and c++\source\repos\3 курс\базы данных\Курсовая\Kursovaya WinForms\MyForm.h(1480,4): warning C4305: инициализация: усечение из "double" в "float"
D:\Python and c++\source\repos\3 курс\базы данных\Курсовая\Kursovaya WinForms\MyForm.h(1480,10): warning C4305: инициализация: усечение из "double" в "float"
D:\Python and c++\source\repos\3 курс\базы данных\Курсовая\Kursovaya WinForms\MyForm.h(1480,16): warning C4305: инициализация: усечение из "double" в "float"
D:\Python and c++\source\repos\3 курс\базы данных\Курсовая\Kursovaya WinForms\MyForm.h(1480,22): warning C4305: инициализация: усечение из "double" в "float"
D:\Python and c++\source\repos\3 курс\базы данных\Курсовая\Kursovaya WinForms\MyForm.h(1480,28): warning C4305: инициализация: усечение из "double" в "float"
D:\Python and c++\source\repos\3 курс\базы данных\Курсовая\Kursovaya WinForms\MyForm.h(1480,34): warning C4305: инициализация: усечение из "double" в "float"
D:\Python and c++\source\repos\3 курс\базы данных\Курсовая\Kursovaya WinForms\MyForm.h(1480,40): warning C4305: инициализация: усечение из "double" в "float"
D:\Python and c++\source\repos\3 курс\базы данных\Курсовая\Kursovaya WinForms\MyForm.h(1480,46): warning C4305: инициализация: усечение из "double" в "float"
D:\Python and c++\source\repos\3 курс\базы данных\Курсовая\Kursovaya WinForms\MyForm.h(1480,52): warning C4305: инициализация: усечение из "double" в "float"
D:\Python and c++\source\repos\3 курс\базы данных\Курсовая\Kursovaya WinForms\MyForm.h(1480,64): warning C4305: инициализация: усечение из "double" в "float"
D:\Python and c++\source\repos\3 курс\базы данных\Курсовая\Kursovaya WinForms\MyForm.h(1500,11): warning C4305: return: усечение из "double" в "float"
D:\Python and c++\source\repos\3 курс\базы данных\Курсовая\Kursovaya WinForms\MyForm.h(1502,11): warning C4305: return: усечение из "double" в "float"
D:\Python and c++\source\repos\3 курс\базы данных\Курсовая\Kursovaya WinForms\MyForm.h(1504,11): warning C4305: return: усечение из "double" в "float"
D:\Python and c++\source\repos\3 курс\базы данных\Курсовая\Kursovaya WinForms\MyForm.h(1506,11): warning C4305: return: усечение из "double" в "float"
D:\Python and c++\source\repos\3 курс\базы данных\Курсовая\Kursovaya WinForms\MyForm.h(1509,11): warning C4305: return: усечение из "double" в "float"
D:\Python and c++\source\repos\3 курс\базы данных\Курсовая\Kursovaya WinForms\MyForm.h(1511,11): warning C4305: return: усечение из "double" в "float"
D:\Python and c++\source\repos\3 курс\базы данных\Курсовая\Kursovaya WinForms\MyForm.h(1513,11): warning C4305: return: усечение из "double" в "float"
D:\Python and c++\source\repos\3 курс\базы данных\Курсовая\Kursovaya WinForms\MyForm.h(1515,11): warning C4305: return: усечение из "double" в "float"
D:\Python and c++\source\repos\3 курс\базы данных\Курсовая\Kursovaya WinForms\MyForm.h(1517,11): warning C4305: return: усечение из "double" в "float"
D:\Python and c++\source\repos\3 курс\базы данных\Курсовая\Kursovaya WinForms\MyForm.h(1519,11): warning C4305: return: усечение из "double" в "float"
D:\Python and c++\source\repos\3 курс\базы данных\Курсовая\Kursovaya WinForms\MyForm.h(1523,11): warning C4305: return: усечение из "double" в "float"
D:\Python and c++\source\repos\3 курс\базы данных\Курсовая\Kursovaya WinForms\MyForm.h(1525,11): warning C4305: return: усечение из "double" в "float"
D:\Python and c++\source\repos\3 курс\базы данных\Курсовая\Kursovaya WinForms\MyForm.h(1527,11): warning C4305: return: усечение из "double" в "float"
D:\Python and c++\source\repos\3 курс\базы данных\Курсовая\Kursovaya WinForms\MyForm.h(1529,11): warning C4305: return: усечение из "double" в "float"
D:\Python and c++\source\repos\3 курс\базы данных\Курсовая\Kursovaya WinForms\MyForm.h(1531,11): warning C4305: return: усечение из "double" в "float"
D:\Python and c++\source\repos\3 курс\базы данных\Курсовая\Kursovaya WinForms\MyForm.h(1533,11): warning C4305: return: усечение из "double" в "float"
D:\Python and c++\source\repos\3 курс\базы данных\Курсовая\Kursovaya WinForms\MyForm.h(1535,11): warning C4305: return: усечение из "double" в "float"
D:\Python and c++\source\repos\3 курс\базы данных\Курсовая\Kursovaya WinForms\MyForm.h(1537,11): warning C4305: return: усечение из "double" в "float"
D:\Python and c++\source\repos\3 курс\базы данных\Курсовая\Kursovaya WinForms\MyForm.h(1539,11): warning C4305: return: усечение из "double" в "float"
D:\Python and c++\source\repos\3 курс\базы данных\Курсовая\Kursovaya WinForms\MyForm.h(1541,11): warning C4305: return: усечение из "double" в "float"
D:\Python and c++\source\repos\3 курс\базы данных\Курсовая\Kursovaya WinForms\MyForm.h(1556,27): warning C4305: инициализация: усечение из "double" в "float"
D:\Python and c++\source\repos\3 курс\базы данных\Курсовая\Kursovaya WinForms\MyForm.h(1556,34): warning C4305: инициализация: усечение из "double" в "float"
D:\Python and c++\source\repos\3 курс\базы данных\Курсовая\Kursovaya WinForms\MyForm.h(1556,41): warning C4305: инициализация: усечение из "double" в "float"
D:\Python and c++\source\repos\3 курс\базы данных\Курсовая\Kursovaya WinForms\MyForm.h(1556,49): warning C4305: инициализация: усечение из "double" в "float"
D:\Python and c++\source\repos\3 курс\базы данных\Курсовая\Kursovaya WinForms\MyForm.h(1556,56): warning C4305: инициализация: усечение из "double" в "float"
D:\Python and c++\source\repos\3 курс\базы данных\Курсовая\Kursovaya WinForms\MyForm.h(1556,63): warning C4305: инициализация: усечение из "double" в "float"
D:\Python and c++\source\repos\3 курс\базы данных\Курсовая\Kursovaya WinForms\MyForm.h(1571,50): warning C4244: return: преобразование "float" в "int", возможна потеря данных
D:\Python and c++\source\repos\3 курс\базы данных\Курсовая\Kursovaya WinForms\MyForm.h(1576,12): warning C4244: инициализация: преобразование "double" в "float", возможна потеря данных
D:\Python and c++\source\repos\3 курс\базы данных\Курсовая\Kursovaya WinForms\MyForm.h(1610,15): warning C4244: инициализация: преобразование "double" в "float", возможна потеря данных
  MyForm.obj : обнаружен модуль MSIL; для MSIL последовательная компоновка отключена; выполняется полная компоновка
  Kursovaya WinForms.vcxproj -> D:\Python and c++\source\repos\3 курс\базы данных\Курсовая\Kursovaya WinForms\x64\Debug\Kursovaya WinForms.exe
